0 info it worked if it ends with ok
1 verbose cli [ '/Users/spham/.nvm/versions/node/v5.0.0/bin/node',
1 verbose cli   '/Users/spham/.nvm/versions/node/v5.0.0/bin/npm',
1 verbose cli   'run',
1 verbose cli   'deploy' ]
2 info using npm@3.3.6
3 info using node@v5.0.0
4 verbose run-script [ 'predeploy', 'deploy', 'postdeploy' ]
5 info lifecycle wui-national@1.0.0~predeploy: wui-national@1.0.0
6 silly lifecycle wui-national@1.0.0~predeploy: no script for predeploy, continuing
7 info lifecycle wui-national@1.0.0~deploy: wui-national@1.0.0
8 verbose lifecycle wui-national@1.0.0~deploy: unsafe-perm in lifecycle true
9 verbose lifecycle wui-national@1.0.0~deploy: PATH: /Users/spham/.nvm/versions/node/v5.0.0/lib/node_modules/npm/bin/node-gyp-bin:/Volumes/1TB/Dropbox/Code/wui-first-card/node_modules/.bin:/Users/spham/.nvm/versions/node/v5.0.0/bin:/usr/local/lib/python2.7/site-packages:/Users/spham/myScripts:/usr/local/sbin:/usr/local/bin:/usr/bin:/bin:/usr/sbin:/sbin:/usr/local/bin:/opt/X11/bin:/usr/local/lib/python2.7/site-packages:/Users/spham/myScripts:/usr/local/sbin
10 verbose lifecycle wui-national@1.0.0~deploy: CWD: /Volumes/1TB/Dropbox/Code/wui-first-card
11 silly lifecycle wui-national@1.0.0~deploy: Args: [ '-c', 'npm run build && npm run push && npm run invalidate' ]
12 silly lifecycle wui-national@1.0.0~deploy: Returned: code: 1  signal: null
13 info lifecycle wui-national@1.0.0~deploy: Failed to exec deploy script
14 verbose stack Error: wui-national@1.0.0 deploy: `npm run build && npm run push && npm run invalidate`
14 verbose stack Exit status 1
14 verbose stack     at EventEmitter.<anonymous> (/Users/spham/.nvm/versions/node/v5.0.0/lib/node_modules/npm/lib/utils/lifecycle.js:233:16)
14 verbose stack     at emitTwo (events.js:87:13)
14 verbose stack     at EventEmitter.emit (events.js:172:7)
14 verbose stack     at ChildProcess.<anonymous> (/Users/spham/.nvm/versions/node/v5.0.0/lib/node_modules/npm/lib/utils/spawn.js:24:14)
14 verbose stack     at emitTwo (events.js:87:13)
14 verbose stack     at ChildProcess.emit (events.js:172:7)
14 verbose stack     at maybeClose (internal/child_process.js:818:16)
14 verbose stack     at Process.ChildProcess._handle.onexit (internal/child_process.js:211:5)
15 verbose pkgid wui-national@1.0.0
16 verbose cwd /Volumes/1TB/Dropbox/Code/wui-first-card
17 error Darwin 15.6.0
18 error argv "/Users/spham/.nvm/versions/node/v5.0.0/bin/node" "/Users/spham/.nvm/versions/node/v5.0.0/bin/npm" "run" "deploy"
19 error node v5.0.0
20 error npm  v3.3.6
21 error code ELIFECYCLE
22 error wui-national@1.0.0 deploy: `npm run build && npm run push && npm run invalidate`
22 error Exit status 1
23 error Failed at the wui-national@1.0.0 deploy script 'npm run build && npm run push && npm run invalidate'.
23 error This is most likely a problem with the wui-national package,
23 error not with npm itself.
23 error Tell the author that this fails on your system:
23 error     npm run build && npm run push && npm run invalidate
23 error You can get their info via:
23 error     npm owner ls wui-national
23 error There is likely additional logging output above.
24 verbose exit [ 1, true ]
